<?xml version="1.0" encoding="UTF-8" ?>
<testsuite tests="14" failures="0" name="com.rdstation.CustomerSuccessBalancingTest" time="0.068" errors="0" skipped="0">
  <properties>
[...]
</properties>
  <testcase classname="com.rdstation.CustomerSuccessBalancingTest" name="testScoreOutOfRangeCustomerSuccess" time="0.009"/>
  <testcase classname="com.rdstation.CustomerSuccessBalancingTest" name="testIdOutOfRangeCustomer" time="0"/>
  <testcase classname="com.rdstation.CustomerSuccessBalancingTest" name="testCSNiveisIguais" time="0"/>
  <testcase classname="com.rdstation.CustomerSuccessBalancingTest" name="testScoreOutOfRangeCustomer" time="0"/>
  <testcase classname="com.rdstation.CustomerSuccessBalancingTest" name="testOutOfLimitCustoms" time="0.039"/>
  <testcase classname="com.rdstation.CustomerSuccessBalancingTest" name="testIdOutOfRangeCustomerSuccess" time="0"/>
  <testcase classname="com.rdstation.CustomerSuccessBalancingTest" name="scenario1" time="0.004"/>
  <testcase classname="com.rdstation.CustomerSuccessBalancingTest" name="scenario2" time="0"/>
  <testcase classname="com.rdstation.CustomerSuccessBalancingTest" name="scenario3" time="0.015"/>
  <testcase classname="com.rdstation.CustomerSuccessBalancingTest" name="scenario4" time="0"/>
  <testcase classname="com.rdstation.CustomerSuccessBalancingTest" name="scenario5" time="0"/>
  <testcase classname="com.rdstation.CustomerSuccessBalancingTest" name="scenario6" time="0"/>
  <testcase classname="com.rdstation.CustomerSuccessBalancingTest" name="scenario7" time="0"/>
  <testcase classname="com.rdstation.CustomerSuccessBalancingTest" name="testOutOfLimitCustomSuccess" time="0.001"/>
</testsuite>